<?xml version="1.0" encoding="UTF-8"?>
<testng-results skipped="0" failed="0" ignored="0" total="1" passed="1">
  <reporter-output>
  </reporter-output>
  <suite name="Default suite" duration-ms="33" started-at="2019-03-19T06:03:11Z" finished-at="2019-03-19T06:03:11Z">
    <groups>
    </groups>
    <test name="Default test" duration-ms="33" started-at="2019-03-19T06:03:11Z" finished-at="2019-03-19T06:03:11Z">
      <class name="testNGDemo.LoginTest">
        <test-method status="PASS" signature="userLogin()[pri:0, instance:testNGDemo.LoginTest@5dfcfece]" name="userLogin" duration-ms="9" started-at="2019-03-19T06:03:11Z" finished-at="2019-03-19T06:03:11Z">
          <reporter-output>
          </reporter-output>
        </test-method> <!-- userLogin -->
      </class> <!-- testNGDemo.LoginTest -->
    </test> <!-- Default test -->
  </suite> <!-- Default suite -->
</testng-results>
